01/07/2019 09:37:40 - Aucune modification n'a été apportée au dossier TEXTE
01/07/2019 09:37:40 - Aucune modification n'a été apportée au dossier PDF
01/07/2019 09:37:40 - Aucune modification n'a été apportée au dossier EXCEL
01/07/2019 09:37:40 - Aucune modification n'a été apportée au dossier WORD
01/07/2019 09:37:40 - Aucune modification n'a été apportée au dossier POWERPOINT
01/07/2019 09:37:40 - Aucune modification n'a été apportée au dossier GNS VM
01/07/2019 09:37:40 - Actualisation du fond d'écran réalisée
01/07/2019 09:37:48 - Aucune modification n'a été apportée au dossier TEXTE
01/07/2019 09:37:48 - Aucune modification n'a été apportée au dossier PDF
01/07/2019 09:37:48 - Aucune modification n'a été apportée au dossier EXCEL
01/07/2019 09:37:48 - Aucune modification n'a été apportée au dossier WORD
01/07/2019 09:37:48 - Aucune modification n'a été apportée au dossier POWERPOINT
01/07/2019 09:37:48 - Aucune modification n'a été apportée au dossier GNS VM
01/07/2019 09:37:48 - Actualisation du fond d'écran réalisée
01/07/2019 09:38:48 - Aucune modification n'a été apportée au dossier TEXTE
01/07/2019 09:38:48 - Aucune modification n'a été apportée au dossier PDF
01/07/2019 09:38:48 - Aucune modification n'a été apportée au dossier EXCEL
01/07/2019 09:38:48 - Aucune modification n'a été apportée au dossier WORD
01/07/2019 09:38:48 - Aucune modification n'a été apportée au dossier POWERPOINT
01/07/2019 09:38:48 - Aucune modification n'a été apportée au dossier GNS VM
01/07/2019 09:38:48 - Actualisation du fond d'écran réalisée
04/07/2019 09:21:49 - Aucune modification n'a été apportée au dossier TEXTE
04/07/2019 09:21:49 - Aucune modification n'a été apportée au dossier PDF
04/07/2019 09:21:49 - Aucune modification n'a été apportée au dossier EXCEL
04/07/2019 09:21:49 - Aucune modification n'a été apportée au dossier WORD
04/07/2019 09:21:49 - Aucune modification n'a été apportée au dossier POWERPOINT
04/07/2019 09:21:49 - Aucune modification n'a été apportée au dossier GNS VM
04/07/2019 09:21:49 - Actualisation du fond d'écran réalisée
04/07/2019 11:33:21 - Aucune modification n'a été apportée au dossier TEXTE
04/07/2019 11:33:21 - Aucune modification n'a été apportée au dossier PDF
04/07/2019 11:33:21 - Aucune modification n'a été apportée au dossier EXCEL
04/07/2019 11:33:21 - Aucune modification n'a été apportée au dossier WORD
04/07/2019 11:33:21 - Aucune modification n'a été apportée au dossier POWERPOINT
04/07/2019 11:33:21 - Aucune modification n'a été apportée au dossier GNS VM
04/07/2019 11:33:21 - Actualisation du fond d'écran réalisée
04/07/2019 11:33:35 - Aucune modification n'a été apportée au dossier TEXTE
04/07/2019 11:33:35 - Le fichier nommé '1984_001.pdf' a été déplacé dans le dossier 'PDF'
04/07/2019 11:33:35 - Aucune modification n'a été apportée au dossier EXCEL
04/07/2019 11:33:35 - Aucune modification n'a été apportée au dossier WORD
04/07/2019 11:33:35 - Aucune modification n'a été apportée au dossier POWERPOINT
04/07/2019 11:33:35 - Aucune modification n'a été apportée au dossier GNS VM
04/07/2019 11:33:35 - Actualisation du fond d'écran réalisée
04/07/2019 14:06:48 - Aucune modification n'a été apportée au dossier TEXTE
04/07/2019 14:06:48 - Aucune modification n'a été apportée au dossier PDF
04/07/2019 14:06:48 - Aucune modification n'a été apportée au dossier EXCEL
04/07/2019 14:06:48 - Aucune modification n'a été apportée au dossier WORD
04/07/2019 14:06:48 - Aucune modification n'a été apportée au dossier POWERPOINT
04/07/2019 14:06:48 - Aucune modification n'a été apportée au dossier GNS VM
04/07/2019 14:06:48 - Actualisation du fond d'écran réalisée
04/07/2019 16:04:24 - Aucune modification n'a été apportée au dossier TEXTE
04/07/2019 16:04:24 - Aucune modification n'a été apportée au dossier PDF
04/07/2019 16:04:24 - Aucune modification n'a été apportée au dossier EXCEL
04/07/2019 16:04:24 - Aucune modification n'a été apportée au dossier WORD
04/07/2019 16:04:24 - Aucune modification n'a été apportée au dossier POWERPOINT
04/07/2019 16:04:24 - Aucune modification n'a été apportée au dossier GNS VM
04/07/2019 16:04:24 - Actualisation du fond d'écran réalisée
04/07/2019 16:05:14 - Aucune modification n'a été apportée au dossier TEXTE
04/07/2019 16:05:14 - Aucune modification n'a été apportée au dossier PDF
04/07/2019 16:05:14 - Aucune modification n'a été apportée au dossier EXCEL
04/07/2019 16:05:14 - Aucune modification n'a été apportée au dossier WORD
04/07/2019 16:05:14 - Aucune modification n'a été apportée au dossier POWERPOINT
04/07/2019 16:05:14 - Aucune modification n'a été apportée au dossier GNS VM
04/07/2019 16:05:14 - Actualisation du fond d'écran réalisée
04/07/2019 16:07:05 - Aucune modification n'a été apportée au dossier TEXTE
04/07/2019 16:07:05 - Aucune modification n'a été apportée au dossier PDF
04/07/2019 16:07:05 - Aucune modification n'a été apportée au dossier EXCEL
04/07/2019 16:07:05 - Aucune modification n'a été apportée au dossier WORD
04/07/2019 16:07:05 - Aucune modification n'a été apportée au dossier POWERPOINT
04/07/2019 16:07:05 - Aucune modification n'a été apportée au dossier GNS VM
04/07/2019 16:07:05 - Actualisation du fond d'écran réalisée
04/07/2019 16:09:00 - Aucune modification n'a été apportée au dossier TEXTE
04/07/2019 16:09:00 - Aucune modification n'a été apportée au dossier PDF
04/07/2019 16:09:00 - Aucune modification n'a été apportée au dossier EXCEL
04/07/2019 16:09:00 - Aucune modification n'a été apportée au dossier WORD
04/07/2019 16:09:00 - Aucune modification n'a été apportée au dossier POWERPOINT
04/07/2019 16:09:00 - Aucune modification n'a été apportée au dossier GNS VM
04/07/2019 16:09:00 - Actualisation du fond d'écran réalisée
04/07/2019 16:09:37 - ('Il a été définit que {} appartient au service {}', 'Booba-PC-Fixe', 'Technique')
04/07/2019 16:09:37 - Aucune modification n'a été apportée au dossier TEXTE
04/07/2019 16:09:37 - Aucune modification n'a été apportée au dossier PDF
04/07/2019 16:09:37 - Aucune modification n'a été apportée au dossier EXCEL
04/07/2019 16:09:37 - Aucune modification n'a été apportée au dossier WORD
04/07/2019 16:09:37 - Aucune modification n'a été apportée au dossier POWERPOINT
04/07/2019 16:09:37 - Aucune modification n'a été apportée au dossier GNS VM
04/07/2019 16:09:37 - Actualisation du fond d'écran réalisée
04/07/2019 16:10:30 - Aucune modification n'a été apportée au dossier TEXTE
04/07/2019 16:10:30 - Aucune modification n'a été apportée au dossier PDF
04/07/2019 16:10:30 - Aucune modification n'a été apportée au dossier EXCEL
04/07/2019 16:10:30 - Aucune modification n'a été apportée au dossier WORD
04/07/2019 16:10:30 - Aucune modification n'a été apportée au dossier POWERPOINT
04/07/2019 16:10:30 - Aucune modification n'a été apportée au dossier GNS VM
04/07/2019 16:10:30 - Actualisation du fond d'écran réalisée
04/07/2019 16:10:53 - ('Il a été définit que', 'Booba-PC-Fixe', 'appartient au service', 'Technique')
04/07/2019 16:10:53 - Aucune modification n'a été apportée au dossier TEXTE
04/07/2019 16:10:53 - Aucune modification n'a été apportée au dossier PDF
04/07/2019 16:10:53 - Aucune modification n'a été apportée au dossier EXCEL
04/07/2019 16:10:53 - Aucune modification n'a été apportée au dossier WORD
04/07/2019 16:10:53 - Aucune modification n'a été apportée au dossier POWERPOINT
04/07/2019 16:10:53 - Aucune modification n'a été apportée au dossier GNS VM
04/07/2019 16:10:53 - Actualisation du fond d'écran réalisée
04/07/2019 16:11:34 - ('Il a été définit que', 'Booba-PC-Fixe', 'appartient au service', 'Technique')
04/07/2019 16:11:34 - Aucune modification n'a été apportée au dossier TEXTE
04/07/2019 16:11:34 - Aucune modification n'a été apportée au dossier PDF
04/07/2019 16:11:34 - Aucune modification n'a été apportée au dossier EXCEL
04/07/2019 16:11:34 - Aucune modification n'a été apportée au dossier WORD
04/07/2019 16:11:34 - Aucune modification n'a été apportée au dossier POWERPOINT
04/07/2019 16:11:34 - Aucune modification n'a été apportée au dossier GNS VM
04/07/2019 16:11:34 - Actualisation du fond d'écran réalisée
04/07/2019 16:18:14 - ('Il a été définit que', 'Booba-PC-Fixe', 'appartient au service', 'Technique')
04/07/2019 16:18:14 - Aucune modification n'a été apportée au dossier TEXTE
04/07/2019 16:18:14 - Aucune modification n'a été apportée au dossier PDF
04/07/2019 16:18:14 - Aucune modification n'a été apportée au dossier EXCEL
04/07/2019 16:18:14 - Aucune modification n'a été apportée au dossier WORD
04/07/2019 16:18:14 - Aucune modification n'a été apportée au dossier POWERPOINT
04/07/2019 16:18:14 - Aucune modification n'a été apportée au dossier GNS VM
04/07/2019 16:18:14 - Actualisation du fond d'écran réalisée
04/07/2019 16:29:30 - ('Il a été définit que', 'Booba-PC-Fixe', 'appartient au service', 'Technique')
04/07/2019 16:29:30 - Aucune modification n'a été apportée au dossier TEXTE
04/07/2019 16:29:30 - Aucune modification n'a été apportée au dossier PDF
04/07/2019 16:29:30 - Aucune modification n'a été apportée au dossier EXCEL
04/07/2019 16:29:30 - Aucune modification n'a été apportée au dossier WORD
04/07/2019 16:29:30 - Aucune modification n'a été apportée au dossier POWERPOINT
04/07/2019 16:29:30 - Aucune modification n'a été apportée au dossier GNS VM
04/07/2019 16:29:30 - Actualisation du fond d'écran réalisée
04/07/2019 16:29:39 - ('Il a été définit que', 'Booba-PC-Fixe', 'appartient au service', 'Technique')
04/07/2019 16:29:39 - Aucune modification n'a été apportée au dossier TEXTE
04/07/2019 16:29:39 - Aucune modification n'a été apportée au dossier PDF
04/07/2019 16:29:39 - Aucune modification n'a été apportée au dossier EXCEL
04/07/2019 16:29:39 - Aucune modification n'a été apportée au dossier WORD
04/07/2019 16:29:39 - Aucune modification n'a été apportée au dossier POWERPOINT
04/07/2019 16:29:39 - Aucune modification n'a été apportée au dossier GNS VM
04/07/2019 16:29:39 - Actualisation du fond d'écran réalisée
04/07/2019 16:31:05 - ('Il a été définit que', 'Booba-PC-Fixe', 'appartient au service', 'Technique')
04/07/2019 16:31:05 - Aucune modification n'a été apportée au dossier TEXTE
04/07/2019 16:31:05 - Aucune modification n'a été apportée au dossier PDF
04/07/2019 16:31:05 - Aucune modification n'a été apportée au dossier EXCEL
04/07/2019 16:31:05 - Aucune modification n'a été apportée au dossier WORD
04/07/2019 16:31:05 - Aucune modification n'a été apportée au dossier POWERPOINT
04/07/2019 16:31:05 - Aucune modification n'a été apportée au dossier GNS VM
04/07/2019 16:31:05 - Actualisation du fond d'écran réalisée
04/07/2019 16:34:20 - ('Il a été définit que', 'Booba-PC-Fixe', 'appartient au service', 'Technique')
04/07/2019 16:34:20 - Aucune modification n'a été apportée au dossier TEXTE
04/07/2019 16:34:20 - Aucune modification n'a été apportée au dossier PDF
04/07/2019 16:34:20 - Aucune modification n'a été apportée au dossier EXCEL
04/07/2019 16:34:20 - Aucune modification n'a été apportée au dossier WORD
04/07/2019 16:34:20 - Aucune modification n'a été apportée au dossier POWERPOINT
04/07/2019 16:34:20 - Aucune modification n'a été apportée au dossier GNS VM
04/07/2019 16:34:21 - Actualisation du fond d'écran réalisée
04/07/2019 16:35:20 - ('Il a été définit que', 'Booba-PC-Fixe', 'appartient au service', 'RH')
04/07/2019 16:35:20 - Aucune modification n'a été apportée au dossier TEXTE
04/07/2019 16:35:20 - Aucune modification n'a été apportée au dossier PDF
04/07/2019 16:35:20 - Aucune modification n'a été apportée au dossier EXCEL
04/07/2019 16:35:20 - Aucune modification n'a été apportée au dossier WORD
04/07/2019 16:35:20 - Aucune modification n'a été apportée au dossier POWERPOINT
04/07/2019 16:35:20 - Aucune modification n'a été apportée au dossier GNS VM
04/07/2019 16:35:21 - Actualisation du fond d'écran réalisée
04/07/2019 16:37:19 - ('Il a été définit que', 'Booba-PC-Fixe', 'appartient au service', 'RH')
04/07/2019 16:37:19 - **********************************************************************
04/07/2019 16:37:19 - Aucune modification n'a été apportée au dossier TEXTE
04/07/2019 16:37:19 - Aucune modification n'a été apportée au dossier PDF
04/07/2019 16:37:19 - Aucune modification n'a été apportée au dossier EXCEL
04/07/2019 16:37:19 - Aucune modification n'a été apportée au dossier WORD
04/07/2019 16:37:19 - Aucune modification n'a été apportée au dossier POWERPOINT
04/07/2019 16:37:19 - Aucune modification n'a été apportée au dossier GNS VM
04/07/2019 16:37:19 - Actualisation du fond d'écran réalisée
04/07/2019 16:40:10 - ('Il a été définit que', 'Booba-PC-Fixe', 'appartient au service', 'RH')
04/07/2019 16:40:10 - Aucune modification n'a été apportée au dossier TEXTE
04/07/2019 16:40:10 - Aucune modification n'a été apportée au dossier PDF
04/07/2019 16:40:10 - Aucune modification n'a été apportée au dossier EXCEL
04/07/2019 16:40:10 - Aucune modification n'a été apportée au dossier WORD
04/07/2019 16:40:10 - Aucune modification n'a été apportée au dossier POWERPOINT
04/07/2019 16:40:10 - Aucune modification n'a été apportée au dossier GNS VM
04/07/2019 16:40:10 - Actualisation du fond d'écran réalisée
04/07/2019 16:40:10 - ***********************************
04/07/2019 18:24:18 - ('Il a été définit que', 'Booba-PC-Fixe', 'appartient au service', 'RH')
04/07/2019 18:24:18 - Aucune modification n'a été apportée au dossier TEXTE
04/07/2019 18:24:18 - Aucune modification n'a été apportée au dossier PDF
04/07/2019 18:24:18 - Aucune modification n'a été apportée au dossier EXCEL
04/07/2019 18:24:18 - Aucune modification n'a été apportée au dossier WORD
04/07/2019 18:24:18 - Aucune modification n'a été apportée au dossier POWERPOINT
04/07/2019 18:24:18 - Aucune modification n'a été apportée au dossier GNS VM
04/07/2019 18:24:18 - Actualisation du fond d'écran réalisée
04/07/2019 18:24:18 - ***********************************
04/07/2019 18:27:24 - ('Il a été définit que', 'Booba-PC-Fixe', 'appartient au service', 'RH')
04/07/2019 18:27:24 - Aucune modification n'a été apportée au dossier TEXTE
04/07/2019 18:27:24 - Aucune modification n'a été apportée au dossier PDF
04/07/2019 18:27:24 - Aucune modification n'a été apportée au dossier EXCEL
04/07/2019 18:27:24 - Aucune modification n'a été apportée au dossier WORD
04/07/2019 18:27:24 - Aucune modification n'a été apportée au dossier POWERPOINT
04/07/2019 18:27:24 - Aucune modification n'a été apportée au dossier GNS VM
04/07/2019 18:27:24 - Actualisation du fond d'écran réalisée
04/07/2019 18:27:24 - **************** FIN DE SESSION *******************
04/07/2019 18:30:16 - ('Il a été définit que', 'Booba-PC-Fixe', 'appartient au service', 'Technique')
04/07/2019 18:30:16 - Aucune modification n'a été apportée au dossier TEXTE
04/07/2019 18:30:16 - Aucune modification n'a été apportée au dossier PDF
04/07/2019 18:30:16 - Aucune modification n'a été apportée au dossier EXCEL
04/07/2019 18:30:16 - Aucune modification n'a été apportée au dossier WORD
04/07/2019 18:30:16 - Aucune modification n'a été apportée au dossier POWERPOINT
04/07/2019 18:30:16 - Aucune modification n'a été apportée au dossier GNS VM
04/07/2019 18:30:16 - Actualisation du fond d'écran réalisée
04/07/2019 18:30:16 - **************** FIN DE SESSION *******************
